<?xml version="1.0" encoding="UTF-8"?>
<!-- Generated by org.testng.reporters.JUnitXMLReporter -->
<testsuite ignored="2" hostname="DESKTOP-FI8UJG3" failures="0" tests="3" name="Chrome Browser Testing" time="1.105" errors="0" timestamp="2022-10-04T16:52:58 IST">
  <testcase classname="com.lambdatest.basetest.BaseTest" name="@BeforeTest setUrl" time="0.471">
    <failure type="java.lang.IllegalArgumentException" message="Input must be set">
      <![CDATA[java.lang.IllegalArgumentException: Input must be set
at org.openqa.selenium.internal.Require.nonNull(Require.java:59)
at org.openqa.selenium.support.ui.FluentWait.<init>(FluentWait.java:97)
at org.openqa.selenium.support.ui.WebDriverWait.<init>(WebDriverWait.java:77)
at org.openqa.selenium.support.ui.WebDriverWait.<init>(WebDriverWait.java:65)
at com.lambdatest.basetest.BaseTest.setUrl(BaseTest.java:69)
... Removed 24 stack frames]]>
    </failure>
  </testcase> <!-- @BeforeTest setUrl -->
  <testcase classname="com.lambdatest.basetest.BaseTest" name="@BeforeMethod setup" time="-1.664882578309E9">
    <skipped/>
  </testcase> <!-- @BeforeMethod setup -->
  <testcase classname="com.lambdatest.basetest.BaseTest" name="@AfterMethod tearDown" time="-1.664882578331E9">
    <skipped/>
  </testcase> <!-- @AfterMethod tearDown -->
  <testcase classname="com.lambdatest.basetest.BaseTest" name="@BeforeMethod setup" time="-1.66488257837E9">
    <skipped/>
  </testcase> <!-- @BeforeMethod setup -->
  <testcase classname="com.lambdatest.basetest.BaseTest" name="@AfterMethod tearDown" time="-1.664882578463E9">
    <skipped/>
  </testcase> <!-- @AfterMethod tearDown -->
  <testcase classname="com.lambdatest.basetest.BaseTest" name="@BeforeMethod setup" time="-1.664882578487E9">
    <skipped/>
  </testcase> <!-- @BeforeMethod setup -->
  <testcase classname="com.lambdatest.basetest.BaseTest" name="@AfterMethod tearDown" time="-1.664882578649E9">
    <skipped/>
  </testcase> <!-- @AfterMethod tearDown -->
  <testcase classname="testNG_TestCases.Testng_Test1" name="pageTitleValidation" time="0.0">
    <skipped/>
  </testcase> <!-- pageTitleValidation -->
  <testcase classname="testNG_TestCases.Testng_Test2" name="checkBoxValidation" time="0.0">
    <skipped/>
  </testcase> <!-- checkBoxValidation -->
  <testcase classname="testNG_TestCases.Testng_Test3" name="handlingJavaScriptAlertBox" time="0.0">
    <skipped/>
  </testcase> <!-- handlingJavaScriptAlertBox -->
  <testcase classname="com.lambdatest.basetest.BaseTest" name="@BeforeTest setUrl" time="0.0">
    <ignored/>
  </testcase> <!-- @BeforeTest setUrl -->
  <testcase classname="com.lambdatest.basetest.BaseTest" name="@BeforeTest setUrl" time="0.0">
    <ignored/>
  </testcase> <!-- @BeforeTest setUrl -->
</testsuite> <!-- Chrome Browser Testing -->
